[    0.000000] Initializing cgroup subsys cpuset
[    0.000000] Initializing cgroup subsys cpu
[    0.000000] Initializing cgroup subsys cpuacct
[    0.000000] Linux version 4.4.0-96-generic (buildd@lgw01-10) (gcc version 5.4.0 20160609 (Ubuntu 5.4.0-6ubuntu1~16.04.4) ) #119-Ubuntu SMP Tue Sep 12 14:59:54 UTC 2017 (Ubuntu 4.4.0-96.119-generic 4.4.83)
[    0.000000] Command line: BOOT_IMAGE=/boot/vmlinuz-4.4.0-96-generic root=LABEL=cloudimg-rootfs ro console=tty1 console=ttyS0
[    0.000000] KERNEL supported cpus:
[    0.000000]   Intel GenuineIntel
[    0.000000]   AMD AuthenticAMD
[    0.000000]   Centaur CentaurHauls
[    0.000000] x86/fpu: xstate_offset[2]:  576, xstate_sizes[2]:  256
[    0.000000] x86/fpu: Supporting XSAVE feature 0x01: 'x87 floating point registers'
[    0.000000] x86/fpu: Supporting XSAVE feature 0x02: 'SSE registers'
[    0.000000] x86/fpu: Supporting XSAVE feature 0x04: 'AVX registers'
[    0.000000] x86/fpu: Enabled xstate features 0x7, context size is 832 bytes, using 'standard' format.
[    0.000000] x86/fpu: Using 'lazy' FPU context switches.
[    0.000000] e820: BIOS-provided physical RAM map:
[    0.000000] BIOS-e820: [mem 0x0000000000000000-0x000000000009fbff] usable
[    0.000000] BIOS-e820: [mem 0x000000000009fc00-0x000000000009ffff] reserved
[    0.000000] BIOS-e820: [mem 0x00000000000f0000-0x00000000000fffff] reserved
[    0.000000] BIOS-e820: [mem 0x0000000000100000-0x000000003ffeffff] usable
[    0.000000] BIOS-e820: [mem 0x000000003fff0000-0x000000003fffffff] ACPI data
[    0.000000] BIOS-e820: [mem 0x00000000fec00000-0x00000000fec00fff] reserved
[    0.000000] BIOS-e820: [mem 0x00000000fee00000-0x00000000fee00fff] reserved
[    0.000000] BIOS-e820: [mem 0x00000000fffc0000-0x00000000ffffffff] reserved
[    0.000000] NX (Execute Disable) protection: active
[    0.000000] SMBIOS 2.5 present.
[    0.000000] Hypervisor detected: KVM
[    0.000000] e820: last_pfn = 0x3fff0 max_arch_pfn = 0x400000000
[    0.000000] MTRR: Disabled
[    0.000000] x86/PAT: MTRRs disabled, skipping PAT initialization too.
[    0.000000] CPU MTRRs all blank - virtualized system.
[    0.000000] x86/PAT: Configuration [0-7]: WB  WT  UC- UC  WB  WT  UC- UC  
[    0.000000] found SMP MP-table at [mem 0x0009fff0-0x0009ffff] mapped at [ffff88000009fff0]
[    0.000000] Scanning 1 areas for low memory corruption
[    0.000000] RAMDISK: [mem 0x36b08000-0x3757bfff]
[    0.000000] ACPI: Early table checksum verification disabled
[    0.000000] ACPI: RSDP 0x00000000000E0000 000024 (v02 VBOX  )
[    0.000000] ACPI: XSDT 0x000000003FFF0030 00003C (v01 VBOX   VBOXXSDT 00000001 ASL  00000061)
[    0.000000] ACPI: FACP 0x000000003FFF00F0 0000F4 (v04 VBOX   VBOXFACP 00000001 ASL  00000061)
[    0.000000] ACPI: DSDT 0x000000003FFF0470 00210F (v01 VBOX   VBOXBIOS 00000002 INTL 20100528)
[    0.000000] ACPI: FACS 0x000000003FFF0200 000040
[    0.000000] ACPI: FACS 0x000000003FFF0200 000040
[    0.000000] ACPI: APIC 0x000000003FFF0240 00005C (v02 VBOX   VBOXAPIC 00000001 ASL  00000061)
[    0.000000] ACPI: SSDT 0x000000003FFF02A0 0001CC (v01 VBOX   VBOXCPUT 00000002 INTL 20100528)
[    0.000000] No NUMA configuration found
[    0.000000] Faking a node at [mem 0x0000000000000000-0x000000003ffeffff]
[    0.000000] NODE_DATA(0) allocated [mem 0x3ffeb000-0x3ffeffff]
[    0.000000] kvm-clock: Using msrs 4b564d01 and 4b564d00
[    0.000000] kvm-clock: cpu 0, msr 0:3ffe3001, primary cpu clock
[    0.000000] kvm-clock: using sched offset of 3364562746 cycles
[    0.000000] clocksource: kvm-clock: mask: 0xffffffffffffffff max_cycles: 0x1cd42e4dffb, max_idle_ns: 881590591483 ns
[    0.000000] Zone ranges:
[    0.000000]   DMA      [mem 0x0000000000001000-0x0000000000ffffff]
[    0.000000]   DMA32    [mem 0x0000000001000000-0x000000003ffeffff]
[    0.000000]   Normal   empty
[    0.000000]   Device   empty
[    0.000000] Movable zone start for each node
[    0.000000] Early memory node ranges
[    0.000000]   node   0: [mem 0x0000000000001000-0x000000000009efff]
[    0.000000]   node   0: [mem 0x0000000000100000-0x000000003ffeffff]
[    0.000000] Initmem setup node 0 [mem 0x0000000000001000-0x000000003ffeffff]
[    0.000000] ACPI: PM-Timer IO Port: 0x4008
[    0.000000] IOAPIC[0]: apic_id 2, version 32, address 0xfec00000, GSI 0-23
[    0.000000] ACPI: INT_SRC_OVR (bus 0 bus_irq 0 global_irq 2 dfl dfl)
[    0.000000] ACPI: INT_SRC_OVR (bus 0 bus_irq 9 global_irq 9 high level)
[    0.000000] Using ACPI (MADT) for SMP configuration information
[    0.000000] smpboot: Allowing 2 CPUs, 0 hotplug CPUs
[    0.000000] PM: Registered nosave memory: [mem 0x00000000-0x00000fff]
[    0.000000] PM: Registered nosave memory: [mem 0x0009f000-0x0009ffff]
[    0.000000] PM: Registered nosave memory: [mem 0x000a0000-0x000effff]
[    0.000000] PM: Registered nosave memory: [mem 0x000f0000-0x000fffff]
[    0.000000] e820: [mem 0x40000000-0xfebfffff] available for PCI devices
[    0.000000] Booting paravirtualized kernel on KVM
[    0.000000] clocksource: refined-jiffies: mask: 0xffffffff max_cycles: 0xffffffff, max_idle_ns: 7645519600211568 ns
[    0.000000] setup_percpu: NR_CPUS:512 nr_cpumask_bits:512 nr_cpu_ids:2 nr_node_ids:1
[    0.000000] PERCPU: Embedded 34 pages/cpu @ffff88003fc00000 s98328 r8192 d32744 u1048576
[    0.000000] PV qspinlock hash table entries: 256 (order: 0, 4096 bytes)
[    0.000000] Built 1 zonelists in Node order, mobility grouping on.  Total pages: 257913
[    0.000000] Policy zone: DMA32
[    0.000000] Kernel command line: BOOT_IMAGE=/boot/vmlinuz-4.4.0-96-generic root=LABEL=cloudimg-rootfs ro console=tty1 console=ttyS0
[    0.000000] PID hash table entries: 4096 (order: 3, 32768 bytes)
[    0.000000] Memory: 1001860K/1048120K available (8479K kernel code, 1294K rwdata, 3984K rodata, 1492K init, 1316K bss, 46260K reserved, 0K cma-reserved)
[    0.000000] SLUB: HWalign=64, Order=0-3, MinObjects=0, CPUs=2, Nodes=1
[    0.000000] Hierarchical RCU implementation.
[    0.000000] 	Build-time adjustment of leaf fanout to 64.
[    0.000000] 	RCU restricting CPUs from NR_CPUS=512 to nr_cpu_ids=2.
[    0.000000] RCU: Adjusting geometry for rcu_fanout_leaf=64, nr_cpu_ids=2
[    0.000000] NR_IRQS:33024 nr_irqs:440 16
[    0.000000] Console: colour VGA+ 80x25
[    0.000000] console [tty1] enabled
[    0.000000] console [ttyS0] enabled
[    0.000000] tsc: Detected 1600.000 MHz processor
[    6.949291] Calibrating delay loop (skipped) preset value.. 3200.00 BogoMIPS (lpj=6400000)
[    7.061517] pid_max: default: 32768 minimum: 301
[    7.120439] ACPI: Core revision 20150930
[    7.174703] ACPI: 2 ACPI AML tables successfully acquired and loaded
[    7.264640] Security Framework initialized
[    7.314634] Yama: becoming mindful.
[    7.359419] AppArmor: AppArmor initialized
[    7.404954] Dentry cache hash table entries: 131072 (order: 8, 1048576 bytes)
[    7.484858] Inode-cache hash table entries: 65536 (order: 7, 524288 bytes)
[    7.570216] Mount-cache hash table entries: 2048 (order: 2, 16384 bytes)
[    7.645019] Mountpoint-cache hash table entries: 2048 (order: 2, 16384 bytes)
[    7.735880] Initializing cgroup subsys io
[    7.780758] Initializing cgroup subsys memory
[    7.789811] Initializing cgroup subsys devices
[    7.797233] Initializing cgroup subsys freezer
[    7.798601] Initializing cgroup subsys net_cls
[    7.807301] Initializing cgroup subsys perf_event
[    7.843010] Initializing cgroup subsys net_prio
[    7.893173] Initializing cgroup subsys hugetlb
[    7.948929] Initializing cgroup subsys pids
[    7.992599] CPU: Physical Processor ID: 0
[    8.042713] CPU: Processor Core ID: 0
[    8.086004] mce: CPU supports 0 MCE banks
[    8.133703] Last level iTLB entries: 4KB 64, 2MB 8, 4MB 8
[    8.193916] Last level dTLB entries: 4KB 64, 2MB 0, 4MB 0, 1GB 4
[    8.274871] Freeing SMP alternatives memory: 32K
[    8.349676] ftrace: allocating 32146 entries in 126 pages
[    8.455049] smpboot: APIC(0) Converting physical 0 to logical package 0
[    8.501506] smpboot: Max logical packages: 1
[    8.502931] x2apic enabled
[    8.527150] Switched APIC routing to physical x2apic.
[    8.599950] ..TIMER: vector=0x30 apic1=0 pin1=2 apic2=-1 pin2=-1
[    8.784896] smpboot: CPU0: Intel(R) Core(TM) i5-5250U CPU @ 1.60GHz (family: 0x6, model: 0x3d, stepping: 0x4)
[    8.869493] Performance Events: unsupported p6 CPU model 61 no PMU driver, software events only.
[    8.902895] KVM setup paravirtual spinlock
[    8.914415] x86: Booting SMP configuration:
[    8.923619] .... node  #0, CPUs:      #1
[    8.925102] kvm-clock: cpu 1, msr 0:3ffe3041, secondary cpu clock
[    8.970695] mce: CPU supports 0 MCE banks
[    9.000897] x86: Booted up 1 node, 2 CPUs
[    9.045597] smpboot: Total of 2 processors activated (6400.00 BogoMIPS)
[    9.113162] devtmpfs: initialized
[    9.148170] evm: security.selinux
[    9.181466] evm: security.SMACK64
[    9.210696] evm: security.SMACK64EXEC
[    9.246592] evm: security.SMACK64TRANSMUTE
[    9.285422] evm: security.SMACK64MMAP
[    9.323586] evm: security.ima
[    9.357224] evm: security.capability
[    9.402791] clocksource: jiffies: mask: 0xffffffff max_cycles: 0xffffffff, max_idle_ns: 7645041785100000 ns
[    9.517621] futex hash table entries: 512 (order: 3, 32768 bytes)
[    9.530824] pinctrl core: initialized pinctrl subsystem
[    9.532264] RTC time:  5:41:35, date: 12/12/17
[    9.579166] NET: Registered protocol family 16
[    9.630068] cpuidle: using governor ladder
[    9.694249] cpuidle: using governor menu
[    9.738525] PCCT header not found.
[    9.773443] ACPI: bus type PCI registered
[    9.810491] acpiphp: ACPI Hot Plug PCI Controller Driver version: 0.5
[    9.878366] PCI: Using configuration type 1 for base access
[    9.947365] ACPI: Added _OSI(Module Device)
[    9.995082] ACPI: Added _OSI(Processor Device)
[   10.026355] ACPI: Added _OSI(3.0 _SCP Extensions)
[   10.027669] ACPI: Added _OSI(Processor Aggregator Device)
[   10.029949] ACPI: Executed 1 blocks of module-level executable AML code
[   10.076272] ACPI: Interpreter enabled
[   10.083076] ACPI: (supports S0 S5)
[   10.095084] ACPI: Using IOAPIC for interrupt routing
[   10.133688] PCI: Using host bridge windows from ACPI; if necessary, use "pci=nocrs" and report a bug
[   10.237406] ACPI: PCI Root Bridge [PCI0] (domain 0000 [bus 00-ff])
[   10.305502] acpi PNP0A03:00: _OSC: OS supports [ASPM ClockPM Segments MSI]
[   10.372775] acpi PNP0A03:00: _OSC failed (AE_NOT_FOUND); disabling ASPM
[   10.453903] acpi PNP0A03:00: fail to add MMCONFIG information, can't access extended PCI configuration space under this bridge.
[   10.570555] PCI host bridge to bus 0000:00
[   10.571648] pci_bus 0000:00: root bus resource [io  0x0000-0x0cf7 window]
[   10.573339] pci_bus 0000:00: root bus resource [io  0x0d00-0xffff window]
[   10.641794] pci_bus 0000:00: root bus resource [mem 0x000a0000-0x000bffff window]
[   10.717923] pci_bus 0000:00: root bus resource [mem 0x40000000-0xffdfffff window]
[   10.793183] pci_bus 0000:00: root bus resource [bus 00-ff]
[   10.843722] pci 0000:00:01.1: legacy IDE quirk: reg 0x10: [io  0x01f0-0x01f7]
[   10.852612] pci 0000:00:01.1: legacy IDE quirk: reg 0x14: [io  0x03f6]
[   10.913753] pci 0000:00:01.1: legacy IDE quirk: reg 0x18: [io  0x0170-0x0177]
[   10.922458] pci 0000:00:01.1: legacy IDE quirk: reg 0x1c: [io  0x0376]
[   10.995934] pci 0000:00:07.0: quirk: [io  0x4000-0x403f] claimed by PIIX4 ACPI
[   11.072909] pci 0000:00:07.0: quirk: [io  0x4100-0x410f] claimed by PIIX4 SMB
[   11.129941] ACPI: PCI Interrupt Link [LNKA] (IRQs 5 9 10 *11)
[   11.154033] ACPI: PCI Interrupt Link [LNKB] (IRQs 5 9 10 *11)
[   11.198439] ACPI: PCI Interrupt Link [LNKC] (IRQs 5 9 *10 11)
[   11.243603] ACPI: PCI Interrupt Link [LNKD] (IRQs 5 *9 10 11)
[   11.250367] ACPI: Enabled 2 GPEs in block 00 to 07
[   11.298146] vgaarb: setting as boot device: PCI:0000:00:02.0
[   11.364234] vgaarb: device added: PCI:0000:00:02.0,decodes=io+mem,owns=io+mem,locks=none
[   11.440266] vgaarb: loaded
[   11.469723] vgaarb: bridge control possible 0000:00:02.0
[   11.517043] SCSI subsystem initialized
[   11.566478] ACPI: bus type USB registered
[   11.611283] usbcore: registered new interface driver usbfs
[   11.649986] usbcore: registered new interface driver hub
[   11.710809] usbcore: registered new device driver usb
[   11.758162] PCI: Using ACPI for IRQ routing
[   11.811155] NetLabel: Initializing
[   11.843300] NetLabel:  domain hash size = 128
[   11.885539] NetLabel:  protocols = UNLABELED CIPSOv4
[   11.948904] NetLabel:  unlabeled traffic allowed by default
[   12.006623] amd_nb: Cannot enumerate AMD northbridges
[   12.052829] clocksource: Switched to clocksource kvm-clock
[   12.130677] AppArmor: AppArmor Filesystem Enabled
[   12.232750] pnp: PnP ACPI init
[   12.286458] pnp: PnP ACPI: found 3 devices
[   12.337288] clocksource: acpi_pm: mask: 0xffffff max_cycles: 0xffffff, max_idle_ns: 2085701024 ns
[   12.346507] NET: Registered protocol family 2
[   12.352119] TCP established hash table entries: 8192 (order: 4, 65536 bytes)
[   12.357180] TCP bind hash table entries: 8192 (order: 5, 131072 bytes)
[   12.358890] TCP: Hash tables configured (established 8192 bind 8192)
[   12.360631] UDP hash table entries: 512 (order: 2, 16384 bytes)
[   12.362385] UDP-Lite hash table entries: 512 (order: 2, 16384 bytes)
[   12.368269] NET: Registered protocol family 1
[   12.375758] pci 0000:00:00.0: Limiting direct PCI/PCI transfers
[   12.377546] pci 0000:00:01.0: Activating ISA DMA hang workarounds
[   12.391301] Unpacking initramfs...
[   14.456429] Freeing initrd memory: 10704K
[   14.490296] RAPL PMU detected, API unit is 2^-32 Joules, 4 fixed counters 10737418240 ms ovfl timer
[   14.520391] hw unit of domain pp0-core 2^-0 Joules
[   14.587247] hw unit of domain package 2^-0 Joules
[   14.589100] hw unit of domain dram 2^-0 Joules
[   14.628896] hw unit of domain pp1-gpu 2^-0 Joules
[   14.673440] platform rtc_cmos: registered platform RTC device (no PNP device found)
[   15.023031] Scanning for low memory corruption every 60 seconds
[   15.064209] audit: initializing netlink subsys (disabled)
[   15.163274] audit: type=2000 audit(1513057294.927:1): initialized
[   15.281531] Initialise system trusted keyring
[   15.363579] HugeTLB registered 2 MB page size, pre-allocated 0 pages
[   15.482753] zbud: loaded
[   15.562943] VFS: Disk quotas dquot_6.6.0
[   15.597821] VFS: Dquot-cache hash table entries: 512 (order 0, 4096 bytes)
[   15.599897] squashfs: version 4.0 (2009/01/31) Phillip Lougher
[   15.601896] fuse init (API version 7.23)
[   15.618949] Key type big_key registered
[   15.629606] Allocating IMA MOK and blacklist keyrings.
[   15.650116] Key type asymmetric registered
[   15.659481] Asymmetric key parser 'x509' registered
[   15.669511] Block layer SCSI generic (bsg) driver version 0.4 loaded (major 249)
[   15.703679] tsc: Refined TSC clocksource calibration: 1599.322 MHz
[   15.735386] clocksource: tsc: mask: 0xffffffffffffffff max_cycles: 0x170da485e59, max_idle_ns: 440795248914 ns
[   15.815575] io scheduler noop registered
[   15.824747] io scheduler deadline registered (default)
[   15.826233] io scheduler cfq registered
[   15.827474] pci_hotplug: PCI Hot Plug PCI Core version: 0.5
[   15.828971] pciehp: PCI Express Hot Plug Controller Driver version: 0.4
[   15.955894] ACPI: AC Adapter [AC] (off-line)
[   16.033910] input: Power Button as /devices/LNXSYSTM:00/LNXPWRBN:00/input/input0
[   16.175766] ACPI: Power Button [PWRF]
[   16.244315] input: Sleep Button as /devices/LNXSYSTM:00/LNXSLPBN:00/input/input1
[   16.378149] ACPI: Sleep Button [SLPF]
[   16.433629] GHES: HEST is not enabled!
[   16.434741] ACPI: Battery Slot [BAT0] (battery present)
[   16.568638] Serial: 8250/16550 driver, 32 ports, IRQ sharing enabled
ÿ[   16.627696] 00:02: ttyS0 at I/O 0x3f8 (irq = 4, base_baud = 115200) is a 16550A
[   16.705766] Linux agpgart interface v0.103
[   16.715041] loop: module loaded
[   16.725595] scsi host0: ata_piix
[   16.738003] scsi host1: ata_piix
[   16.746380] ata1: PATA max UDMA/33 cmd 0x1f0 ctl 0x3f6 bmdma 0xd000 irq 14
[   16.763398] ata2: PATA max UDMA/33 cmd 0x170 ctl 0x376 bmdma 0xd008 irq 15
[   16.780418] libphy: Fixed MDIO Bus: probed
[   16.821413] tun: Universal TUN/TAP device driver, 1.6
[   16.824287] tun: (C) 1999-2004 Max Krasnyansky <maxk@qualcomm.com>
[   16.826045] PPP generic driver version 2.4.2
[   16.892659] ehci_hcd: USB 2.0 'Enhanced' Host Controller (EHCI) Driver
[   16.943881] ehci-pci: EHCI PCI platform driver
[   16.945192] ehci-platform: EHCI generic platform driver
[   17.032659] ohci_hcd: USB 1.1 'Open' Host Controller (OHCI) Driver
[   17.222736] ohci-pci: OHCI PCI platform driver
[   17.293230] ohci-platform: OHCI generic platform driver
[   17.390317] uhci_hcd: USB Universal Host Controller Interface driver
[   17.515565] i8042: PNP: PS/2 Controller [PNP0303:PS2K,PNP0f03:PS2M] at 0x60,0x64 irq 1,12
[   17.660717] serio: i8042 KBD port at 0x60,0x64 irq 1
[   17.830776] serio: i8042 AUX port at 0x60,0x64 irq 12
[   17.836972] mousedev: PS/2 mouse device common for all mice
[   17.850873] input: AT Translated Set 2 keyboard as /devices/platform/i8042/serio0/input/input2
[   17.875492] rtc_cmos rtc_cmos: rtc core: registered rtc_cmos as rtc0
[   17.892715] rtc_cmos rtc_cmos: alarms up to one day, 114 bytes nvram
[   17.920176] i2c /dev entries driver
[   17.925113] device-mapper: uevent: version 1.0.3
[   17.926688] device-mapper: ioctl: 4.34.0-ioctl (2015-10-28) initialised: dm-devel@redhat.com
[   17.929075] ledtrig-cpu: registered to indicate activity on CPUs
[   17.931358] NET: Registered protocol family 10
[   17.934294] NET: Registered protocol family 17
[   17.951566] Key type dns_resolver registered
[   17.980983] microcode: CPU0 sig=0x306d4, pf=0x40, revision=0x0
[   18.011233] microcode: CPU1 sig=0x306d4, pf=0x40, revision=0x0
[   18.022836] microcode: Microcode Update Driver: v2.01 <tigran@aivazian.fsnet.co.uk>, Peter Oruba
[   18.044295] registered taskstats version 1
[   18.046850] Loading compiled-in X.509 certificates
[   18.048890] Loaded X.509 cert 'Build time autogenerated kernel key: b1a6ea8776bed2812c00d8a799f968274ef48628'
[   18.051718] zswap: loaded using pool lzo/zbud
[   18.056496] Key type trusted registered
[   18.146631] Key type encrypted registered
[   18.192668] AppArmor: AppArmor sha1 policy hashing enabled
[   18.194113] ima: No TPM chip found, activating TPM-bypass!
[   18.283179] evm: HMAC attrs: 0x1
[   18.326599]   Magic number: 13:598:668
[   18.393784] rtc_cmos rtc_cmos: setting system clock to 2017-12-12 05:41:44 UTC (1513057304)
[   18.563236] BIOS EDD facility v0.16 2004-Jun-25, 0 devices found
[   18.701022] EDD information not available.
[   18.754808] Freeing unused kernel memory: 1492K
[   18.881056] Write protecting the kernel read-only data: 14336k
[   18.951618] Freeing unused kernel memory: 1748K
[   18.969432] Freeing unused kernel memory: 112K
Loading, please wait...
starting version[   19.004670] random: systemd-udevd: uninitialized urandom read (16 bytes read, 7 bits of entropy available)
 229
[   19.005638] random: udevadm: uninitialized urandom read (16 bytes read, 7 bits of entropy available)
[   19.005690] random: udevadm: uninitialized urandom read (16 bytes read, 7 bits of entropy available)
[   19.006025] random: udevadm: uninitialized urandom read (16 bytes read, 7 bits of entropy available)
[   19.006116] random: udevadm: uninitialized urandom read (16 bytes read, 7 bits of entropy available)
[   19.006320] random: udevadm: uninitialized urandom read (16 bytes read, 7 bits of entropy available)
[   19.006419] random: udevadm: uninitialized urandom read (16 bytes read, 7 bits of entropy available)
[   19.006495] random: udevadm: uninitialized urandom read (16 bytes read, 7 bits of entropy available)
[   19.006566] random: udevadm: uninitialized urandom read (16 bytes read, 7 bits of entropy available)
[   19.006625] random: udevadm: uninitialized urandom read (16 bytes read, 7 bits of entropy available)
[   19.194185] e1000: Intel(R) PRO/1000 Network Driver - version 7.3.21-k8-NAPI
[   19.230892] e1000: Copyright (c) 1999-2006 Intel Corporation.
[   19.244174] Fusion MPT base driver 3.04.20
[   19.269726] Copyright (c) 1999-2008 LSI Corporation
[   19.277227] Fusion MPT SPI Host driver 3.04.20
[   19.321037] mptbase: ioc0: Initiating bringup
[   19.344753] AVX version of gcm_enc/dec engaged.
[   19.412989] AES CTR mode by8 optimization enabled
[   19.461642] ioc0: LSI53C1030 A0: Capabilities={Initiator}
[   19.524464] input: ImExPS/2 Generic Explorer Mouse as /devices/platform/i8042/serio1/input/input4
[   19.675318] scsi host2: ioc0: LSI53C1030 A0, FwRev=00000000h, Ports=1, MaxQ=256, IRQ=20
[   19.892372] scsi 2:0:0:0: Direct-Access     VBOX     HARDDISK         1.0  PQ: 0 ANSI: 5
[   20.069792] scsi target2:0:0: Beginning Domain Validation
[   20.102913] scsi target2:0:0: Domain Validation skipping write tests
[   20.160313] scsi target2:0:0: Ending Domain Validation
[   20.162147] scsi target2:0:0: asynchronous
[   20.170826] scsi 2:0:1:0: Direct-Access     VBOX     HARDDISK         1.0  PQ: 0 ANSI: 5
[   20.173776] scsi target2:0:1: Beginning Domain Validation
[   20.187352] scsi target2:0:1: Domain Validation skipping write tests
[   20.203727] scsi target2:0:1: Ending Domain Validation
[   20.226047] scsi target2:0:1: asynchronous
[   20.245750] sd 2:0:0:0: Attached scsi generic sg0 type 0
[   20.252248] sd 2:0:0:0: [sda] 20971520 512-byte logical blocks: (10.7 GB/10.0 GiB)
[   20.254912] sd 2:0:0:0: [sda] Write Protect is off
[   20.256484] sd 2:0:0:0: [sda] Incomplete mode parameter data
[   20.258129] sd 2:0:0:0: [sda] Assuming drive cache: write through
[   20.260673] sd 2:0:1:0: Attached scsi generic sg1 type 0
[   20.283864] sd 2:0:1:0: [sdb] 20480 512-byte logical blocks: (10.5 MB/10.0 MiB)
[   20.289365] sd 2:0:1:0: [sdb] Write Protect is off
[   20.291211]  sda: sda1
[   20.293502] sd 2:0:1:0: [sdb] Incomplete mode parameter data
[   20.295564] sd 2:0:1:0: [sdb] Assuming drive cache: write through
[   20.304552] sd 2:0:0:0: [sda] Attached SCSI disk
[   20.308615] sd 2:0:1:0: [sdb] Attached SCSI disk
[   20.473558] e1000 0000:00:03.0 eth0: (PCI:33MHz:32-bit) 02:a4:a0:f1:db:6e
[   20.560688] e1000 0000:00:03.0 eth0: Intel(R) PRO/1000 Network Connection
[   20.619096] e1000 0000:00:03.0 enp0s3: renamed from eth0
[   22.321072] floppy0: no floppy controllers found
Begin: Loading e[   23.724351] md: linear personality registered for level -1
ssential drivers[   23.777110] md: multipath personality registered for level -4
 ... [   23.846610] md: raid0 personality registered for level 0
[   23.908421] md: raid1 personality registered for level 1
[   24.061092] raid6: sse2x1   gen()  7979 MB/s
[   24.180909] raid6: sse2x1   xor()  5812 MB/s
[   24.297256] raid6: sse2x2   gen()  9744 MB/s
[   24.416859] raid6: sse2x2   xor()  6923 MB/s
[   24.524964] raid6: sse2x4   gen() 11775 MB/s
[   24.604904] raid6: sse2x4   xor()  4083 MB/s
[   24.644176] raid6: using algorithm sse2x4 gen() 11775 MB/s
[   24.698579] raid6: .... xor() 4083 MB/s, rmw enabled
[   24.743137] raid6: using ssse3x2 recovery algorithm
[   24.799856] xor: automatically using best checksumming function:
[   24.953325]    avx       : 41927.000 MB/sec
[   25.035345] async_tx: api initialized (async)
[   25.085732] md: raid6 personality registered for level 6
[   25.157833] md: raid5 personality registered for level 5
[   25.209415] md: raid4 personality registered for level 4
[   25.286403] md: raid10 personality registered for level 10
done.
Begin: Running /scripts/init-premount ... done[   25.371078] Btrfs loaded
.
Begin: Mounting root file system ... Begin: Running /scripts/local-top ... done.
Begin: Running /scripts/local-premount ... Scanning for Btrfs filesystems
done.
Warning: fsck no[   25.454735] EXT4-fs (sda1): mounted filesystem with ordered data mode. Opts: (null)
t present, so skipping root file system
done.
Begin: Running /scripts/local-bottom ... done.
Begin: Running /scripts/init-bottom ... done.
[   25.708515] systemd[1]: systemd 229 running in system mode. (+PAM +AUDIT +SELINUX +IMA +APPARMOR +SMACK +SYSVINIT +UTMP +LIBCRYPTSETUP +GCRYPT +GNUTLS +ACL +XZ -LZ4 +SECCOMP +BLKID +ELFUTILS +KMOD -IDN)
[   25.742484] systemd[1]: Detected virtualization oracle.
[   25.758571] systemd[1]: Detected architecture x86-64.

Welcome to [1mUbuntu 16.04.3 LTS[0m!

[   25.775084] systemd[1]: Set hostname to <ubuntu>.
[   25.856540] systemd[1]: Initializing machine ID from random generator.
[   25.872344] systemd[1]: Installed transient /etc/machine-id file.
[   26.050199] systemd[1]: Listening on udev Control Socket.
[[0;32m  OK  [0m] Listening on udev Control Socket.
[   26.273274] systemd[1]: Reached target User and Group Name Lookups.
[[0;32m  OK  [0m] Reached target User and Group Name Lookups.
[   26.509202] systemd[1]: Listening on Journal Audit Socket.
[[0;32m  OK  [0m] Listening on Journal Audit Socket.
[   26.549466] systemd[1]: Started Trigger resolvconf update for networkd DNS.
[[0;32m  OK  [0m] Started Trigger resolvconf update for networkd DNS.
[   26.845172] systemd[1]: Reached target Swap.
[[0;32m  OK  [0m] Reached target Swap.
[   26.869299] systemd[1]: Listening on /dev/initctl Compatibility Named Pipe.
[[0;32m  OK  [0m] Listening on /dev/initctl Compatibility Named Pipe.
[   26.945197] systemd[1]: Listening on udev Kernel Socket.
[[0;32m  OK  [0m] Listening on udev Kernel Socket.
[   27.017328] systemd[1]: Listening on LVM2 poll daemon socket.
[[0;32m  OK  [0m] Listening on LVM2 poll daemon socket.
[   27.069677] systemd[1]: Listening on Syslog Socket.
[[0;32m  OK  [0m] Listening on Syslog Socket.
[   27.319796] systemd[1]: Listening on Journal Socket.
[[0;32m  OK  [0m] Listening on Journal Socket.
[   27.541732] systemd[1]: Started Forward Password Requests to Wall Directory Watch.
[[0;32m  OK  [0m] Started Forward Password Requests to Wall Directory Watch.
[   27.657344] systemd[1]: Listening on Device-mapper event daemon FIFOs.
[[0;32m  OK  [0m] Listening on Device-mapper event daemon FIFOs.
[   27.689736] systemd[1]: Reached target Encrypted Volumes.
[[0;32m  OK  [0m] Reached target Encrypted Volumes.
[   27.729703] systemd[1]: Set up automount Arbitrary Executable File Formats File System Automount Point.
[[0;32m  OK  [0m] Set up automount Arbitrary Executab...ats File System Automount Point.
[   27.768909] systemd[1]: Listening on LVM2 metadata daemon socket.
[[0;32m  OK  [0m] Listening on LVM2 metadata daemon socket.
[   27.805756] systemd[1]: Created slice User and Session Slice.
[[0;32m  OK  [0m] Created slice User and Session Slice.
[   27.921487] systemd[1]: Listening on Journal Socket (/dev/log).
[[0;32m  OK  [0m] Listening on Journal Socket (/dev/log).
[   27.961864] systemd[1]: Created slice System Slice.
[[0;32m  OK  [0m] Created slice System Slice.
[   28.013732] systemd[1]: Starting Uncomplicated firewall...
         Startin[   28.056167] random: nonblocking pool is initialized
g Uncomplicated firewall...
[   28.091651] systemd[1]: Starting Load Kernel Modules...
[   28.100533] Loading iSCSI transport class v2.0-870.
         Starting Load Kernel Mo[   28.174569] iscsi: registered transport (tcp)
dules...
[   28.245074] systemd[1]: Mounting Debug File System...
         Mounting Debug File System...
[   28.290382] systemd[1]: Mounting POSIX Message Queue File System...
[   28.294211] iscsi: registered transport (iser)
         Mounting POSIX Message Queue File System...
[   28.401130] systemd[1]: Starting Set console keymap...
         Starting Set console keymap...
[   28.613372] systemd[1]: Starting Create list of required static device nodes for the current kernel...
         Starting Create list of required st... nodes for the current kernel...
[   28.872588] systemd[1]: Reached target Slices.
[[0;32m  OK  [0m] Reached target Slices.
[   28.965244] systemd[1]: Starting Journal Service...
         Starting Journal Service...
[   29.029850] systemd[1]: Created slice system-serial\x2dgetty.slice.
[[0;32m  OK  [0m] Created slice system-serial\x2dgetty.slice.
[   29.077259] systemd[1]: Starting Monitoring of LVM2 mirrors, snapshots etc. using dmeventd or progress polling...
         Starting Monitoring of LVM2 mirrors... dmeventd or progress polling...
[   29.131112] systemd[1]: Starting Remount Root and Kernel File Systems...
[   29.135849] EXT4-fs (sda1): re-mounted. Opts: (null)
         Starting Remount Root and Kernel File Systems...
[   29.247250] systemd[1]: Starting Nameserver information manager...
         Starting Nameserver information manager...
[   29.401186] systemd[1]: Mounting Huge Pages File System...
         Mounting Huge Pages File System...
[   29.540223] systemd[1]: Mounted POSIX Message Queue File System.
[[0;32m  OK  [0m] Mounted POSIX Message Queue File System.
[   29.701463] systemd[1]: Mounted Debug File System.
[[0;32m  OK  [0m] Mounted Debug File System.
[   29.789963] systemd[1]: Mounted Huge Pages File System.
[[0;32m  OK  [0m] Mounted Huge Pages File System.
[   29.841654] systemd[1]: Started Journal Service.
[[0;32m  OK  [0m] Started Journal Service.
[[0;32m  OK  [0m] Started Uncomplicated firewall.
[[0;32m  OK  [0m] Started Load Kernel Modules.
[[0;32m  OK  [0m] Started Set console keymap.
[[0;32m  OK  [0m] Started Create list of required sta...ce nodes for the current kernel.
[[0;32m  OK  [0m] Started Remount Root and Kernel File Systems.
[[0;32m  OK  [0m] Started Nameserver information manager.
[[0;32m  OK  [0m] Started LVM2 metadata daemon.
         Starting Load/Save Random Seed...
         Starting udev Coldplug all Devices...
         Starting Initial cloud-init job (pre-networking)...
         Starting Create Static Device Nodes in /dev...
         Mounting FUSE Control File System...
         Starting Apply Kernel Variables...
         Starting Flush Journal to Persistent Storage...
[[0;32m  OK  [0m] Mounted FUSE Control File System.
[[0;32m  OK  [0m] Started Monitoring of LVM2 mirrors,...ng dmeventd or progress polling.
[[0;32m  OK  [0m] Started Load/Save Random Seed.
[[0;32m  OK  [0m] Started Create Static Device Nodes in /dev.
[[0;32m  OK  [0m] Started Apply Kernel Variables.
[[0;32m  OK  [0m] Started udev Coldplug all Devices.
[[0;32m  OK  [0m] Started Flush Journal to Persistent Storage.
         Starting udev Kernel Device Manager...
[[0;32m  OK  [0m] Started udev Kernel Device Manager.
[[0;32m  OK  [0m] Reached target Local File Systems (Pre).
[[0;32m  OK  [0m] Reached target Local File Systems.
         Starting Tell Plymouth To Write Out Runtime Data...
         Starting LSB: AppArmor initialization...
         Starting Commit a transient machine-id on disk...
         Starting Set console font and keymap...
         Starting Create Volatile Files and Directories...
[[0;32m  OK  [0m] Started Dispatch Password Requests to Console Directory Watch.
[[0;32m  OK  [0m] Started Tell Plymouth To Write Out Runtime Data.
[[0;32m  OK  [0m] Started Commit a transient machine-id on disk.
[[0;32m  OK  [0m] Started Create Volatile Files and Directories.
[[0;32m  OK  [0m] Found device /dev/ttyS0.
         Starting Update UTMP about System Boot/Shutdown...
[[0;32m  OK  [0m] Reached target System Time Synchronized.
[[0;32m  OK  [0m] Started Update UTMP about System Boot/Shutdown.
[[0;32m  OK  [0m] Listening on Load/Save RF Kill Switch Status /dev/rfkill Watch.
[[0;1;31mFAILED[0m] Failed to start Set console font and keymap.
See 'systemctl status console-setup.service' for details.
[   20.907011] cloud-init[451]: Cloud-init v. 0.7.9 running 'init-local' at Tue, 12 Dec 2017 05:41:57 +0000. Up 20.39 seconds.
[[0;32m  OK  [0m] Created slice system-getty.slice.
[[0;32m  OK  [0m] Started LSB: AppArmor initialization.
[[0;32m  OK  [0m] Started Initial cloud-init job (pre-networking).
[[0;32m  OK  [0m] Reached target Network (Pre).
         Starting Raise network interfaces...
[[0;32m  OK  [0m] Started Raise network interfaces.
[[0;32m  OK  [0m] Reached target Network.
         Starting Initial cloud-init job (metadata service crawler)...
[   24.201776] cloud-init[907]: Cloud-init v. 0.7.9 running 'init' at Tue, 12 Dec 2017 05:42:00 +0000. Up 23.34 seconds.
[[0;32m  OK  [0m] Started Initial cloud-init job (metadata service crawler).
[[0;32m  OK  [0m] Reached target Cloud-config availability.
[   24.271341] cloud-init[907]: ci-info: +++++++++++++++++++++++++++++++++++++Net device info++++++++++++++++++++++++++++++++++++++
[[0;32m  OK  [0m] Reached target Network is Online.
[   24.327637] cloud-init[907]: ci-info: +--------+------+----------------------------+---------------+-------+-------------------+
[   24.471810]          cloud-initStarting iSCSI initiator daemon (iscsid)...[907]: 
ci-info: | Device |  Up  |          Address           |      Mask     | Scope |     Hw-Address    |
[   24.501148] [cloud-init[0;32m  OK  [0m[907]: ] ci-info: +--------+------+----------------------------+---------------+-------+-------------------+Reached target System Initialization.

[[0;32m  OK  [0m] Listening on ACPID Listen Socket.
[   24.501922] cloud-init[907]: ci-info: | enp0s3 | True |         10.0.2.15          | 255.255.255.0 |   .   | 02:a4:a0:f1:db:6e |
[   24.602422] [cloud-init[0;32m  OK  [0m[907]: ] ci-info: | enp0s3 | True | fe80::a4:a0ff:fef1:db6e/64 |       .       |  link | 02:a4:a0:f1:db:6e |Started Timer to automatically fetch and run repair assertions.

[[0;32m  OK  [0m] Started Daily apt download activities.
[[0;32m  OK  [0m] Started Daily apt upgrade and clean activities.
[   24.603102] cloud-init[907]: ci-info: |   lo   | True |         127.0.0.1          |   255.0.0.0   |   .   |         .         |
[   24.820857] [cloud-init[0;32m  OK  [0m[907]: ] ci-info: |   lo   | True |          ::1/128           |       .       |  host |         .         |Listening on D-Bus System Message Bus Socket.

[[0;32m  OK  [0m] Started Timer to automatically refresh installed snaps.
[[0;32m  OK  [0m] Listening on UUID daemon activation socket.
[   24.821928] cloud-init[907]: ci-info: +--------+------+----------------------------+---------------+-------+-------------------+
[   25.136740] [cloud-init[0;32m  OK  [0m[907]: ] ci-info: +++++++++++++++++++++++++++Route IPv4 info++++++++++++++++++++++++++++Started ACPI Events Check.

[[0;32m  OK  [0m] Reached target Paths.
[   25.137546] cloud-init[907]: ci-info: +-------+-------------+----------+---------------+-----------+-------+
[   25.348982]          cloud-initStarting Socket activation for snappy daemon.[907]: 
ci-info: | Route | Destination | Gateway  |    Genmask    | Interface | Flags |
[   25.461128] [cloud-init[0;32m  OK  [0m[907]: ] ci-info: +-------+-------------+----------+---------------+-----------+-------+Started Daily Cleanup of Temporary Directories.

[[0;32m  OK  [0m] Reached target Timers.
[   25.462299] cloud-init[907]: ci-info: |   0   |   0.0.0.0   | 10.0.2.2 |    0.0.0.0    |   enp0s3  |   UG  |
[   25.574366]          cloud-initStarting LXD - unix socket.[907]: 
ci-info: |   1   |   10.0.2.0  | 0.0.0.0  | 255.255.255.0 |   enp0s3  |   U   |
[   25.648939] [cloud-init[0;32m  OK  [0m[907]: ] ci-info: +-------+-------------+----------+---------------+-----------+-------+Listening on Socket activation for snappy daemon.

[[0;32m  OK  [0m] Listening on LXD - unix socket.
[[0;32m  OK  [0m] Started iSCSI initiator daemon (iscsid).
[   25.649756] cloud-init[907]: Generating public/private rsa key pair.
[   25.782282] cloud-init[907]: Your identification has been saved in /etc/ssh/ssh_host_rsa_key.
[   25.799052]          cloud-initStarting Login to default iSCSI targets...[907]: 
Your public key has been saved in /etc/ssh/ssh_host_rsa_key.pub.
[   25.893080] [cloud-init[0;32m  OK  [0m[907]: ] The key fingerprint is:Reached target Sockets.

[[0;32m  OK  [0m] Reached target Basic System.
[   25.894197] cloud-init[907]: SHA256:Kydn35/TrWN9CskyANrpBnSUmkDoA1oWIBdsP9ir+80 root@ubuntu-xenial
[   26.053303] [cloud-init[0;32m  OK  [0m[907]: ] The key's randomart image is:Started ACPI event daemon.

[   26.054237] cloud-init[907]: +---[RSA 2048]----+
[   26.139756]          cloud-initStarting Apply the settings specified in cloud-config...[907]: 
|o==o  ..         |
[   26.170632]          cloud-initStarting LXD - container startup/shutdown...[907]: 
|+.*  ..          |
[   26.187375] [cloud-init[0;32m  OK  [0m[907]: ] |++ =.oo          |Started D-Bus System Message Bus.

[   26.187964] cloud-init[907]: |.o..*+ o         |
[   26.222438] cloud-init[907]: |  . ooo S        |
[   26.252420]          cloud-initStarting Login Service...[907]: 
|    .o   o . .   |
[   26.296481]          cloud-initStarting Snappy daemon...[907]: 
|   .  = = o +  o.|
[   26.340744]          cloud-initStarting Pollinate to seed the pseudo random number generator...[907]: 
|  .  + * . + .+.=|
[   26.376144] [cloud-init[0;32m  OK  [0m[907]: ] |  .o. E   . .o==.|Started FUSE filesystem for LXC.

[   26.377938] cloud-init[907]: +----[SHA256]-----+
[   26.405008] cloud-init[907]: Generating public/private dsa key pair.
[   26.409249] cloud-init[907]: Your identification has been saved in /etc/ssh/ssh_host_dsa_key.
[   26.473529]          cloud-initStarting LSB: MD monitoring daemon...[907]: 
Your public key has been saved in /etc/ssh/ssh_host_dsa_key.pub.
[   26.544347] [cloud-init[0;32m  OK  [0m[907]: ] The key fingerprint is:Started Deferred execution scheduler.

[   26.544945] cloud-init[907]: SHA256:+e1ZMFFwz3O4Hqh7Dj2xQQHWsm3h5BB3cQMR0VN9eOY root@ubuntu-xenial
         Starting Accounts Service...
[   26.649109] cloud-init[907]: The key's randomart image is:
[   26.712678]          cloud-initStarting /etc/rc.local Compatibility...[907]: 
+---[DSA 1024]----+
[   26.788423]          cloud-initStarting System Logging Service...[907]: 
|          +++*@+=|
[   26.809128] [cloud-init[0;32m  OK  [0m[907]: ] |         .o.+=.B*|Started Unattended Upgrades Shutdown.

[   26.809676] cloud-init[907]: |           Oo..=*|
[   26.828612] cloud-init[907]: |         ...=o .E|
[   26.831928] cloud-init[907]: |        S  .* o  |
[   26.861600]          cloud-initStarting LSB: Record successful boot for GRUB...[907]: 
|         . + B . |
[   26.878220] [cloud-init[0;32m  OK  [0m[907]: ] |          + = o  |Started Regular background program processing daemon.

[   26.878836] cloud-init[907]: |           +.+   |
[   26.915002] [cloud-init[0;32m  OK  [0m[907]: ] |          .o+    |Started Snappy daemon.

[[0;32m  OK  [0m] Started System Logging Service.
[   26.915566] cloud-init[907]: +----[SHA256]-----+
[   26.976553] [cloud-init[0;32m  OK  [0m[907]: ] Generating public/private ecdsa key pair.Started LXD - container startup/shutdown.

[[0;32m  OK  [0m] Started /etc/rc.local Compatibility.
[   26.977151] cloud-init[907]: Your identification has been saved in /etc/ssh/ssh_host_ecdsa_key.
[[   27.163906] cloud-init[907]: Your public key has been saved in /etc/ssh/ssh_host_ecdsa_key.pub.
[0;32m  OK  [0m] Started Login to default iSCSI targets.
[   27.164695] cloud-init[907]: The key fingerprint is:
[   27.373668] cloud-init[907]: SHA256:sCrrRxEx3qHyQjza6wncA0NFlRA/udVqs7ze6DEhnm8 root@ubuntu-xenial
[   27.472310] cloud-init[907]: The key's randomart image is:
[[0;32m  OK  [0m] Started LSB: MD monitoring daemon.
[   27.472858] cloud-init[907]: +---[ECDSA 256]---+
[   27.569480] cloud-init[907]: |  .=*oo          |
[   27.569889] cloud-init[907]: | ...o=...        |
[[0;32m  OK  [0m] Started Pollinate to seed the pseudo random number generator.
[   27.570040] cloud-init[907]: | .= o=o. .       |
[   27.692640] cloud-init[907]: |.+ +. +o.        |
[   27.693506] cloud-init[907]: |.oo .+.=S        |
[[0;32m  OK  [0m] Started LSB: Record successful boot for GRUB.
[   27.693562] cloud-init[907]: |. +oo.= +        |
[   27.748560] cloud-init[907]: |..o+.o =         |
[   27.785002] cloud-init[907]: | o +o .E*        |
[[0;32m  OK  [0m] Started Login Service.
[   27.785992] cloud-init[907]: | .=.  +* .       |
[   27.829376] cloud-init[907]: +----[SHA256]-----+
[   27.839339] cloud-init[907]: Generating public/private ed25519 key pair.
[   27.839505] cloud-init[907]: Your identification has been saved in /etc/ssh/ssh_host_ed25519_key.
         Starting Authenticate and Authorize Users to Run Privileged Tasks...
[[   27.839997] cloud-init[907]: Your public key has been saved in /etc/ssh/ssh_host_ed25519_key.pub.
[   27.903034] cloud-init[907]: The key fingerprint is:
[0;32m  OK  [0m] Stopped OpenBSD Secure Shell server.
[   27.903146] cloud-init[907]: SHA256:voOB7vXjhduO0vbdY3TjDaINar0QOvnjfnYxunyO3Lg root@ubuntu-xenial
[   27.989366] cloud-init[907]: The key's randomart image is:
[   27.993451] cloud-init[907]: +--[ED25519 256]--+
[   27.994510] cloud-init[907]: |                 |
[   27.994918] cloud-init[907]: |                 |
[   27.994975] cloud-init[907]: |                 |
[   27.995017] cloud-init[907]: |                 |
[   27.995055] cloud-init[907]: |     .  S        |
[   27.995091] cloud-init[907]: |    . .+ o. + o..|
[   27.995132] cloud-init[907]: |   .  =++o.= =.oo|
[   27.995168] cloud-init[907]: |    ..o+OX*=+.o..|
         Starting OpenBSD Secure Shell server...
[[   27.995215] cloud-init[907]: |   ..  BXOEB+... |
[   28.310133] cloud-init[907]: +----[SHA256]-----+
[0;32m  OK  [0m] Reached target Remote File Systems (Pre).
[[   28.313194] cloud-init[1010]: Generating locales (this might take a while)...
[   28.330204] cloud-init[1010]:   en_US.UTF-8... done
[   28.330512] cloud-init[1010]: Generation complete.
[0;32m  OK  [0m] Reached target Remote File Systems.
         Starting LSB: VirtualBox Linux Additions...
         Starting LSB: daemon to balance interrupts for SMP systems...
         Starting LSB: Set the CPU Frequency Scaling governor to "ondemand"...
         Starting Permit User Sessions...
         Starting LSB: automatic crash report generation...
         Starting Auto import assertions from block devices...
[[0;32m  OK  [0m] Started OpenBSD Secure Shell server.
[[0;32m  OK  [0m] Started Permit User Sessions.
[[0;32m  OK  [0m] Started Auto import assertions from block devices.
[[0;32m  OK  [0m] Started Authenticate and Authorize Users to Run Privileged Tasks.
[[0;32m  OK  [0m] Started Accounts Service.
[[0;32m  OK  [0m] Started LSB: Set the CPU Frequency Scaling governor to "ondemand".
[[0;32m  OK  [0m] Started LSB: VirtualBox Linux Additions.
[[0;32m  OK  [0m] Started LSB: daemon to balance interrupts for SMP systems.
         Starting Terminate Plymouth Boot Screen...
         Starting Hold until boot process finishes up...
[[0;32m  OK  [0m] Started LSB: automatic crash report generation.
[[0;32m  OK  [0m] Started Terminate Plymouth Boot Screen.
[[0;32m  OK  [0m] Started Hold until boot process finishes up.
[[0;32m  OK  [0m] Started Getty on tty1.
[[0;32m  OK  [0m] Started Serial Getty on ttyS0.
[[0;32m  OK  [0m] Reached target Login Prompts.
[   29.228582] cloud-init[1010]: Cloud-init v. 0.7.9 running 'modules:config' at Tue, 12 Dec 2017 05:42:04 +0000. Up 26.55 seconds.
         Starting Set console scheme...
[[0;32m  OK  [0m] Reached target Multi-User System.
[[0;32m  OK  [0m] Reached target Graphical Interface.
         Starting Update UTMP about System Runlevel Changes...
[[0;32m  OK  [0m] Started Apply the settings specified in cloud-config.
[[0;32m  OK  [0m] Started Set console scheme.
[[0;32m  OK  [0m] Started Update UTMP about System Runlevel Changes.
         Starting Execute cloud user/final scripts...
ci-info: no authorized ssh keys fingerprints found for user ubuntu.
<14>Dec 12 05:42:07 ec2: 
<14>Dec 12 05:42:07 ec2: #############################################################
<14>Dec 12 05:42:07 ec2: -----BEGIN SSH HOST KEY FINGERPRINTS-----
<14>Dec 12 05:42:07 ec2: 1024 SHA256:+e1ZMFFwz3O4Hqh7Dj2xQQHWsm3h5BB3cQMR0VN9eOY root@ubuntu-xenial (DSA)
<14>Dec 12 05:42:07 ec2: 256 SHA256:sCrrRxEx3qHyQjza6wncA0NFlRA/udVqs7ze6DEhnm8 root@ubuntu-xenial (ECDSA)
<14>Dec 12 05:42:07 ec2: 256 SHA256:voOB7vXjhduO0vbdY3TjDaINar0QOvnjfnYxunyO3Lg root@ubuntu-xenial (ED25519)
<14>Dec 12 05:42:07 ec2: 2048 SHA256:Kydn35/TrWN9CskyANrpBnSUmkDoA1oWIBdsP9ir+80 root@ubuntu-xenial (RSA)
<14>Dec 12 05:42:07 ec2: -----END SSH HOST KEY FINGERPRINTS-----
<14>Dec 12 05:42:07 ec2: #############################################################
-----BEGIN SSH HOST KEY KEYS-----
ecdsa-sha2-nistp256 AAAAE2VjZHNhLXNoYTItbmlzdHAyNTYAAAAIbmlzdHAyNTYAAABBBGNDxYpjcOeK71mOxlutiiKkeKLVQhZwfTBa3XC0IqN+VEBmtOONWWJF/jHXzKktDotfJ8ZiCF1ZOgLKKp/42lk= root@ubuntu-xenial
ssh-ed25519 AAAAC3NzaC1lZDI1NTE5AAAAIF6G0ZzrKzEsZbe22zQM7LKOj3UIlmFsor85Qwsxu8Mm root@ubuntu-xenial
ssh-rsa AAAAB3NzaC1yc2EAAAADAQABAAABAQDBqu+yZFoBuQN3hZAUbwnijA0COXLOf49KPUSzsrmxs+Xke8KWKQCjyH2CzxkDXeZcZ/SBRZlbUAOBGyvLIgW4vqpYPm1UXbl1kmQVwnxPP8FU+/PdgzgkEFfb6OjwDJS6ThX80ifCMqxkCY69Sm8OPW/aRH/3SiFWroCUULly/8VN5XaxOOFHYSSNLEnO+He8AnS+1B6DgvaLAjw3IdMGrqoA6VagjYPha1l4EEgdMNwFm3zXxzBm3DJctydmpu0xm0UGvDfg0WUMRC2A4g/bBWpFnkl1qWl6lqmY1YQqwC53ZHyyCYKb8f+higCGEc4bF4QFU/AMPpDXroRiQBmT root@ubuntu-xenial
-----END SSH HOST KEY KEYS-----
[   30.540356] cloud-init[1265]: Cloud-init v. 0.7.9 running 'modules:final' at Tue, 12 Dec 2017 05:42:07 +0000. Up 29.94 seconds.
[   30.664935] cloud-init[1265]: ci-info: no authorized ssh keys fingerprints found for user ubuntu.
[   30.740491] cloud-init[1265]: Cloud-init v. 0.7.9 finished at Tue, 12 Dec 2017 05:42:08 +0000. Datasource DataSourceNoCloud [seed=/dev/sdb][dsmode=net].  Up 30.53 seconds
[[0;32m  OK  [0m] Started Execute cloud user/final scripts.
[[0;32m  OK  [0m] Reached target Cloud-init target.

Ubuntu 16.04.3 LTS ubuntu-xenial ttyS0

ubuntu-xenial login: 